<?xml version="1.0" encoding="UTF-8"?>
<coverage generated="1558039355177" clover="3.2.0">
  <project timestamp="1558039355177" name="All files">
    <metrics statements="47" coveredstatements="37" conditionals="12" coveredconditionals="5" methods="18" coveredmethods="15" elements="77" coveredelements="57" complexity="0" loc="47" ncloc="47" packages="2" files="7" classes="7">
      <package name="src">
        <metrics statements="1" coveredstatements="1" conditionals="0" coveredconditionals="0" methods="0" coveredmethods="0"/>
        <file name="setupTests.js" path="/Users/joshcho/Documents/car-finder/react-client/src/setupTests.js">
          <metrics statements="1" coveredstatements="1" conditionals="0" coveredconditionals="0" methods="0" coveredmethods="0"/>
          <line num="4" count="5" type="stmt"/>
        </file>
      </package>
      <package name="src.components">
        <metrics statements="46" coveredstatements="36" conditionals="12" coveredconditionals="5" methods="18" coveredmethods="15"/>
        <file name="App.jsx" path="/Users/joshcho/Documents/car-finder/react-client/src/components/App.jsx">
          <metrics statements="20" coveredstatements="15" conditionals="8" coveredconditionals="3" methods="6" coveredmethods="5"/>
          <line num="10" count="7" type="stmt"/>
          <line num="12" count="7" type="stmt"/>
          <line num="16" count="7" type="stmt"/>
          <line num="17" count="7" type="stmt"/>
          <line num="18" count="7" type="stmt"/>
          <line num="22" count="7" type="stmt"/>
          <line num="26" count="7" type="stmt"/>
          <line num="30" count="1" type="stmt"/>
          <line num="32" count="1" type="stmt"/>
          <line num="33" count="238" type="cond" truecount="1" falsecount="1"/>
          <line num="34" count="0" type="stmt"/>
          <line num="35" count="238" type="cond" truecount="1" falsecount="1"/>
          <line num="36" count="0" type="stmt"/>
          <line num="37" count="238" type="cond" truecount="1" falsecount="1"/>
          <line num="38" count="0" type="stmt"/>
          <line num="41" count="1" type="stmt"/>
          <line num="45" count="0" type="stmt"/>
          <line num="47" count="0" type="cond" truecount="0" falsecount="2"/>
          <line num="51" count="14" type="stmt"/>
          <line num="52" count="14" type="stmt"/>
        </file>
        <file name="DetailView.jsx" path="/Users/joshcho/Documents/car-finder/react-client/src/components/DetailView.jsx">
          <metrics statements="2" coveredstatements="1" conditionals="0" coveredconditionals="0" methods="1" coveredmethods="0"/>
          <line num="3" count="3" type="stmt"/>
          <line num="4" count="0" type="stmt"/>
        </file>
        <file name="Header.jsx" path="/Users/joshcho/Documents/car-finder/react-client/src/components/Header.jsx">
          <metrics statements="2" coveredstatements="2" conditionals="0" coveredconditionals="0" methods="1" coveredmethods="1"/>
          <line num="3" count="2" type="stmt"/>
          <line num="4" count="1" type="stmt"/>
        </file>
        <file name="SearchBar.jsx" path="/Users/joshcho/Documents/car-finder/react-client/src/components/SearchBar.jsx">
          <metrics statements="11" coveredstatements="7" conditionals="2" coveredconditionals="0" methods="4" coveredmethods="3"/>
          <line num="5" count="2" type="stmt"/>
          <line num="7" count="2" type="stmt"/>
          <line num="11" count="2" type="stmt"/>
          <line num="12" count="2" type="stmt"/>
          <line num="16" count="1" type="stmt"/>
          <line num="20" count="0" type="stmt"/>
          <line num="21" count="0" type="stmt"/>
          <line num="22" count="0" type="cond" truecount="0" falsecount="2"/>
          <line num="23" count="0" type="stmt"/>
          <line num="28" count="3" type="stmt"/>
          <line num="30" count="3" type="stmt"/>
        </file>
        <file name="Vehicle.jsx" path="/Users/joshcho/Documents/car-finder/react-client/src/components/Vehicle.jsx">
          <metrics statements="8" coveredstatements="8" conditionals="2" coveredconditionals="2" methods="4" coveredmethods="4"/>
          <line num="5" count="3" type="stmt"/>
          <line num="9" count="2" type="stmt"/>
          <line num="11" count="2" type="stmt"/>
          <line num="15" count="2" type="stmt"/>
          <line num="19" count="1" type="stmt"/>
          <line num="25" count="3" type="stmt"/>
          <line num="26" count="3" type="stmt"/>
          <line num="27" count="3" type="stmt"/>
        </file>
        <file name="VehicleList.jsx" path="/Users/joshcho/Documents/car-finder/react-client/src/components/VehicleList.jsx">
          <metrics statements="3" coveredstatements="3" conditionals="0" coveredconditionals="0" methods="2" coveredmethods="2"/>
          <line num="4" count="2" type="stmt"/>
          <line num="5" count="1" type="stmt"/>
          <line num="7" count="2" type="stmt"/>
        </file>
      </package>
    </metrics>
  </project>
</coverage>
