{"/Users/joshcho/Documents/car-finder/react-client/src/setupTests.js": {"path":"/Users/joshcho/Documents/car-finder/react-client/src/setupTests.js","statementMap":{"0":{"start":{"line":4,"column":0},"end":{"line":4,"column":38}}},"fnMap":{},"branchMap":{},"s":{"0":5},"f":{},"b":{},"_coverageSchema":"332fd63041d2c1bcb487cc26dd0d5f7d97098a6c","hash":"8ef7c7d5454654d577ff1d5499de38de8da6711f"}
,"/Users/joshcho/Documents/car-finder/react-client/src/components/App.jsx": {"path":"/Users/joshcho/Documents/car-finder/react-client/src/components/App.jsx","statementMap":{"0":{"start":{"line":10,"column":4},"end":{"line":10,"column":17}},"1":{"start":{"line":12,"column":4},"end":{"line":14,"column":6}},"2":{"start":{"line":16,"column":4},"end":{"line":16,"column":51}},"3":{"start":{"line":17,"column":4},"end":{"line":17,"column":49}},"4":{"start":{"line":18,"column":4},"end":{"line":18,"column":53}},"5":{"start":{"line":22,"column":4},"end":{"line":22,"column":23}},"6":{"start":{"line":26,"column":4},"end":{"line":26,"column":38}},"7":{"start":{"line":30,"column":26},"end":{"line":30,"column":28}},"8":{"start":{"line":32,"column":4},"end":{"line":40,"column":5}},"9":{"start":{"line":33,"column":6},"end":{"line":39,"column":7}},"10":{"start":{"line":34,"column":8},"end":{"line":34,"column":36}},"11":{"start":{"line":35,"column":13},"end":{"line":39,"column":7}},"12":{"start":{"line":36,"column":8},"end":{"line":36,"column":36}},"13":{"start":{"line":37,"column":13},"end":{"line":39,"column":7}},"14":{"start":{"line":38,"column":8},"end":{"line":38,"column":36}},"15":{"start":{"line":41,"column":4},"end":{"line":41,"column":25}},"16":{"start":{"line":45,"column":20},"end":{"line":45,"column":41}},"17":{"start":{"line":47,"column":4},"end":{"line":47,"column":91}},"18":{"start":{"line":51,"column":21},"end":{"line":51,"column":31}},"19":{"start":{"line":52,"column":4},"end":{"line":58,"column":6}}},"fnMap":{"0":{"name":"(anonymous_0)","decl":{"start":{"line":9,"column":2},"end":{"line":9,"column":3}},"loc":{"start":{"line":9,"column":21},"end":{"line":19,"column":3}},"line":9},"1":{"name":"(anonymous_1)","decl":{"start":{"line":21,"column":2},"end":{"line":21,"column":3}},"loc":{"start":{"line":21,"column":22},"end":{"line":23,"column":3}},"line":21},"2":{"name":"(anonymous_2)","decl":{"start":{"line":25,"column":2},"end":{"line":25,"column":3}},"loc":{"start":{"line":25,"column":16},"end":{"line":27,"column":3}},"line":25},"3":{"name":"(anonymous_3)","decl":{"start":{"line":29,"column":2},"end":{"line":29,"column":3}},"loc":{"start":{"line":29,"column":19},"end":{"line":42,"column":3}},"line":29},"4":{"name":"(anonymous_4)","decl":{"start":{"line":44,"column":2},"end":{"line":44,"column":3}},"loc":{"start":{"line":44,"column":21},"end":{"line":48,"column":3}},"line":44},"5":{"name":"(anonymous_5)","decl":{"start":{"line":50,"column":2},"end":{"line":50,"column":3}},"loc":{"start":{"line":50,"column":11},"end":{"line":59,"column":3}},"line":50}},"branchMap":{"0":{"loc":{"start":{"line":33,"column":6},"end":{"line":39,"column":7}},"type":"if","locations":[{"start":{"line":33,"column":6},"end":{"line":39,"column":7}},{"start":{"line":33,"column":6},"end":{"line":39,"column":7}}],"line":33},"1":{"loc":{"start":{"line":35,"column":13},"end":{"line":39,"column":7}},"type":"if","locations":[{"start":{"line":35,"column":13},"end":{"line":39,"column":7}},{"start":{"line":35,"column":13},"end":{"line":39,"column":7}}],"line":35},"2":{"loc":{"start":{"line":37,"column":13},"end":{"line":39,"column":7}},"type":"if","locations":[{"start":{"line":37,"column":13},"end":{"line":39,"column":7}},{"start":{"line":37,"column":13},"end":{"line":39,"column":7}}],"line":37},"3":{"loc":{"start":{"line":47,"column":4},"end":{"line":47,"column":90}},"type":"cond-expr","locations":[{"start":{"line":47,"column":22},"end":{"line":47,"column":54}},{"start":{"line":47,"column":57},"end":{"line":47,"column":90}}],"line":47}},"s":{"0":7,"1":7,"2":7,"3":7,"4":7,"5":7,"6":7,"7":1,"8":1,"9":238,"10":0,"11":238,"12":0,"13":238,"14":0,"15":1,"16":0,"17":0,"18":14,"19":14},"f":{"0":7,"1":7,"2":7,"3":1,"4":0,"5":14},"b":{"0":[0,238],"1":[0,238],"2":[0,238],"3":[0,0]},"_coverageSchema":"332fd63041d2c1bcb487cc26dd0d5f7d97098a6c","hash":"562be9138990786509ec14a7b5a7e7541239259e"}
,"/Users/joshcho/Documents/car-finder/react-client/src/components/DetailView.jsx": {"path":"/Users/joshcho/Documents/car-finder/react-client/src/components/DetailView.jsx","statementMap":{"0":{"start":{"line":3,"column":19},"end":{"line":108,"column":1}},"1":{"start":{"line":4,"column":2},"end":{"line":107,"column":8}}},"fnMap":{"0":{"name":"(anonymous_0)","decl":{"start":{"line":3,"column":19},"end":{"line":3,"column":20}},"loc":{"start":{"line":4,"column":2},"end":{"line":107,"column":8}},"line":4}},"branchMap":{},"s":{"0":3,"1":0},"f":{"0":0},"b":{},"_coverageSchema":"332fd63041d2c1bcb487cc26dd0d5f7d97098a6c","hash":"b1f76e0f3cb7e5ad183b2ba4ac8f4cb4314f0764"}
,"/Users/joshcho/Documents/car-finder/react-client/src/components/Header.jsx": {"path":"/Users/joshcho/Documents/car-finder/react-client/src/components/Header.jsx","statementMap":{"0":{"start":{"line":3,"column":15},"end":{"line":9,"column":1}},"1":{"start":{"line":4,"column":2},"end":{"line":8,"column":8}}},"fnMap":{"0":{"name":"(anonymous_0)","decl":{"start":{"line":3,"column":15},"end":{"line":3,"column":16}},"loc":{"start":{"line":4,"column":2},"end":{"line":8,"column":8}},"line":4}},"branchMap":{},"s":{"0":2,"1":1},"f":{"0":1},"b":{},"_coverageSchema":"332fd63041d2c1bcb487cc26dd0d5f7d97098a6c","hash":"3886ff0b17494dfaf8cd9c8ef0319eedef5a77ac"}
,"/Users/joshcho/Documents/car-finder/react-client/src/components/SearchBar.jsx": {"path":"/Users/joshcho/Documents/car-finder/react-client/src/components/SearchBar.jsx","statementMap":{"0":{"start":{"line":5,"column":4},"end":{"line":5,"column":17}},"1":{"start":{"line":7,"column":4},"end":{"line":9,"column":6}},"2":{"start":{"line":11,"column":4},"end":{"line":11,"column":63}},"3":{"start":{"line":12,"column":4},"end":{"line":12,"column":57}},"4":{"start":{"line":16,"column":4},"end":{"line":16,"column":45}},"5":{"start":{"line":20,"column":23},"end":{"line":20,"column":33}},"6":{"start":{"line":21,"column":22},"end":{"line":21,"column":32}},"7":{"start":{"line":22,"column":4},"end":{"line":24,"column":5}},"8":{"start":{"line":23,"column":6},"end":{"line":23,"column":20}},"9":{"start":{"line":28,"column":22},"end":{"line":28,"column":32}},"10":{"start":{"line":30,"column":4},"end":{"line":41,"column":6}}},"fnMap":{"0":{"name":"(anonymous_0)","decl":{"start":{"line":4,"column":2},"end":{"line":4,"column":3}},"loc":{"start":{"line":4,"column":21},"end":{"line":13,"column":3}},"line":4},"1":{"name":"(anonymous_1)","decl":{"start":{"line":15,"column":2},"end":{"line":15,"column":3}},"loc":{"start":{"line":15,"column":23},"end":{"line":17,"column":3}},"line":15},"2":{"name":"(anonymous_2)","decl":{"start":{"line":19,"column":2},"end":{"line":19,"column":3}},"loc":{"start":{"line":19,"column":20},"end":{"line":25,"column":3}},"line":19},"3":{"name":"(anonymous_3)","decl":{"start":{"line":27,"column":2},"end":{"line":27,"column":3}},"loc":{"start":{"line":27,"column":11},"end":{"line":42,"column":3}},"line":27}},"branchMap":{"0":{"loc":{"start":{"line":22,"column":4},"end":{"line":24,"column":5}},"type":"if","locations":[{"start":{"line":22,"column":4},"end":{"line":24,"column":5}},{"start":{"line":22,"column":4},"end":{"line":24,"column":5}}],"line":22}},"s":{"0":2,"1":2,"2":2,"3":2,"4":1,"5":0,"6":0,"7":0,"8":0,"9":3,"10":3},"f":{"0":2,"1":1,"2":0,"3":3},"b":{"0":[0,0]},"_coverageSchema":"332fd63041d2c1bcb487cc26dd0d5f7d97098a6c","hash":"65a8de027ba6a1de30008a62902d2d8763e1ab6c"}
,"/Users/joshcho/Documents/car-finder/react-client/src/components/Vehicle.jsx": {"path":"/Users/joshcho/Documents/car-finder/react-client/src/components/Vehicle.jsx","statementMap":{"0":{"start":{"line":5,"column":0},"end":{"line":5,"column":28}},"1":{"start":{"line":9,"column":4},"end":{"line":9,"column":17}},"2":{"start":{"line":11,"column":4},"end":{"line":13,"column":6}},"3":{"start":{"line":15,"column":4},"end":{"line":15,"column":51}},"4":{"start":{"line":19,"column":4},"end":{"line":21,"column":8}},"5":{"start":{"line":19,"column":32},"end":{"line":21,"column":5}},"6":{"start":{"line":25,"column":28},"end":{"line":25,"column":38}},"7":{"start":{"line":26,"column":24},"end":{"line":26,"column":34}},"8":{"start":{"line":27,"column":4},"end":{"line":47,"column":6}}},"fnMap":{"0":{"name":"(anonymous_0)","decl":{"start":{"line":8,"column":2},"end":{"line":8,"column":3}},"loc":{"start":{"line":8,"column":21},"end":{"line":16,"column":3}},"line":8},"1":{"name":"(anonymous_1)","decl":{"start":{"line":18,"column":2},"end":{"line":18,"column":3}},"loc":{"start":{"line":18,"column":16},"end":{"line":22,"column":3}},"line":18},"2":{"name":"(anonymous_2)","decl":{"start":{"line":19,"column":18},"end":{"line":19,"column":19}},"loc":{"start":{"line":19,"column":32},"end":{"line":21,"column":5}},"line":19},"3":{"name":"(anonymous_3)","decl":{"start":{"line":24,"column":2},"end":{"line":24,"column":3}},"loc":{"start":{"line":24,"column":11},"end":{"line":48,"column":3}},"line":24}},"branchMap":{"0":{"loc":{"start":{"line":41,"column":9},"end":{"line":45,"column":9}},"type":"binary-expr","locations":[{"start":{"line":41,"column":9},"end":{"line":41,"column":20}},{"start":{"line":42,"column":10},"end":{"line":44,"column":18}}],"line":41}},"s":{"0":3,"1":2,"2":2,"3":2,"4":1,"5":1,"6":3,"7":3,"8":3},"f":{"0":2,"1":1,"2":1,"3":3},"b":{"0":[3,1]},"_coverageSchema":"332fd63041d2c1bcb487cc26dd0d5f7d97098a6c","hash":"c60e6ef162db55afdfe10051cddae520b3a21357"}
,"/Users/joshcho/Documents/car-finder/react-client/src/components/VehicleList.jsx": {"path":"/Users/joshcho/Documents/car-finder/react-client/src/components/VehicleList.jsx","statementMap":{"0":{"start":{"line":4,"column":20},"end":{"line":10,"column":1}},"1":{"start":{"line":5,"column":2},"end":{"line":9,"column":8}},"2":{"start":{"line":7,"column":6},"end":{"line":7,"column":52}}},"fnMap":{"0":{"name":"(anonymous_0)","decl":{"start":{"line":4,"column":20},"end":{"line":4,"column":21}},"loc":{"start":{"line":5,"column":2},"end":{"line":9,"column":8}},"line":5},"1":{"name":"(anonymous_1)","decl":{"start":{"line":6,"column":18},"end":{"line":6,"column":19}},"loc":{"start":{"line":7,"column":6},"end":{"line":7,"column":52}},"line":7}},"branchMap":{},"s":{"0":2,"1":1,"2":2},"f":{"0":1,"1":2},"b":{},"_coverageSchema":"332fd63041d2c1bcb487cc26dd0d5f7d97098a6c","hash":"fc4234b7c1b2cb25521538c702ee9accc536b501"}
}
