TN:
SF:/Users/joshcho/Documents/car-finder/react-client/src/setupTests.js
FNF:0
FNH:0
DA:4,5
LF:1
LH:1
BRF:0
BRH:0
end_of_record
TN:
SF:/Users/joshcho/Documents/car-finder/react-client/src/components/App.jsx
FN:9,(anonymous_0)
FN:21,(anonymous_1)
FN:25,(anonymous_2)
FN:29,(anonymous_3)
FN:44,(anonymous_4)
FN:50,(anonymous_5)
FNF:6
FNH:5
FNDA:7,(anonymous_0)
FNDA:7,(anonymous_1)
FNDA:7,(anonymous_2)
FNDA:1,(anonymous_3)
FNDA:0,(anonymous_4)
FNDA:14,(anonymous_5)
DA:10,7
DA:12,7
DA:16,7
DA:17,7
DA:18,7
DA:22,7
DA:26,7
DA:30,1
DA:32,1
DA:33,238
DA:34,0
DA:35,238
DA:36,0
DA:37,238
DA:38,0
DA:41,1
DA:45,0
DA:47,0
DA:51,14
DA:52,14
LF:20
LH:15
BRDA:33,0,0,0
BRDA:33,0,1,238
BRDA:35,1,0,0
BRDA:35,1,1,238
BRDA:37,2,0,0
BRDA:37,2,1,238
BRDA:47,3,0,0
BRDA:47,3,1,0
BRF:8
BRH:3
end_of_record
TN:
SF:/Users/joshcho/Documents/car-finder/react-client/src/components/DetailView.jsx
FN:3,(anonymous_0)
FNF:1
FNH:0
FNDA:0,(anonymous_0)
DA:3,3
DA:4,0
LF:2
LH:1
BRF:0
BRH:0
end_of_record
TN:
SF:/Users/joshcho/Documents/car-finder/react-client/src/components/Header.jsx
FN:3,(anonymous_0)
FNF:1
FNH:1
FNDA:1,(anonymous_0)
DA:3,2
DA:4,1
LF:2
LH:2
BRF:0
BRH:0
end_of_record
TN:
SF:/Users/joshcho/Documents/car-finder/react-client/src/components/SearchBar.jsx
FN:4,(anonymous_0)
FN:15,(anonymous_1)
FN:19,(anonymous_2)
FN:27,(anonymous_3)
FNF:4
FNH:3
FNDA:2,(anonymous_0)
FNDA:1,(anonymous_1)
FNDA:0,(anonymous_2)
FNDA:3,(anonymous_3)
DA:5,2
DA:7,2
DA:11,2
DA:12,2
DA:16,1
DA:20,0
DA:21,0
DA:22,0
DA:23,0
DA:28,3
DA:30,3
LF:11
LH:7
BRDA:22,0,0,0
BRDA:22,0,1,0
BRF:2
BRH:0
end_of_record
TN:
SF:/Users/joshcho/Documents/car-finder/react-client/src/components/Vehicle.jsx
FN:8,(anonymous_0)
FN:18,(anonymous_1)
FN:19,(anonymous_2)
FN:24,(anonymous_3)
FNF:4
FNH:4
FNDA:2,(anonymous_0)
FNDA:1,(anonymous_1)
FNDA:1,(anonymous_2)
FNDA:3,(anonymous_3)
DA:5,3
DA:9,2
DA:11,2
DA:15,2
DA:19,1
DA:25,3
DA:26,3
DA:27,3
LF:8
LH:8
BRDA:41,0,0,3
BRDA:41,0,1,1
BRF:2
BRH:2
end_of_record
TN:
SF:/Users/joshcho/Documents/car-finder/react-client/src/components/VehicleList.jsx
FN:4,(anonymous_0)
FN:6,(anonymous_1)
FNF:2
FNH:2
FNDA:1,(anonymous_0)
FNDA:2,(anonymous_1)
DA:4,2
DA:5,1
DA:7,2
LF:3
LH:3
BRF:0
BRH:0
end_of_record
